<?xml version="1.0" encoding="UTF-8"?>
<testsuite xmlns:xsi="http://www.w3.org/2001/XMLSchema-instance" xsi:noNamespaceSchemaLocation="https://maven.apache.org/surefire/maven-surefire-plugin/xsd/surefire-test-report-3.0.xsd" version="3.0" name="TestSuite" time="15.275" tests="3" errors="0" skipped="0" failures="1">
  <properties>
    <property name="surefire.suiteXmlFiles" value="testng.xml"/>
    <property name="java.specification.version" value="19"/>
    <property name="webdriver.chrome.driver" value="/Users/abdullasuhail/.cache/selenium/chromedriver/mac-arm64/114.0.5735.90/chromedriver"/>
    <property name="sun.jnu.encoding" value="UTF-8"/>
    <property name="java.class.path" value="/Users/abdullasuhail/Downloads/CucumberFramework/target/test-classes:/Users/abdullasuhail/Downloads/CucumberFramework/target/classes:/Users/abdullasuhail/.m2/repository/io/cucumber/cucumber-java/7.2.3/cucumber-java-7.2.3.jar:/Users/abdullasuhail/.m2/repository/io/cucumber/cucumber-core/7.2.3/cucumber-core-7.2.3.jar:/Users/abdullasuhail/.m2/repository/io/cucumber/cucumber-gherkin/7.2.3/cucumber-gherkin-7.2.3.jar:/Users/abdullasuhail/.m2/repository/io/cucumber/cucumber-gherkin-messages/7.2.3/cucumber-gherkin-messages-7.2.3.jar:/Users/abdullasuhail/.m2/repository/io/cucumber/messages/17.1.1/messages-17.1.1.jar:/Users/abdullasuhail/.m2/repository/io/cucumber/tag-expressions/4.1.0/tag-expressions-4.1.0.jar:/Users/abdullasuhail/.m2/repository/io/cucumber/cucumber-expressions/15.0.1/cucumber-expressions-15.0.1.jar:/Users/abdullasuhail/.m2/repository/io/cucumber/datatable/7.2.3/datatable-7.2.3.jar:/Users/abdullasuhail/.m2/repository/io/cucumber/cucumber-plugin/7.2.3/cucumber-plugin-7.2.3.jar:/Users/abdullasuhail/.m2/repository/io/cucumber/docstring/7.2.3/docstring-7.2.3.jar:/Users/abdullasuhail/.m2/repository/io/cucumber/html-formatter/17.0.0/html-formatter-17.0.0.jar:/Users/abdullasuhail/.m2/repository/io/cucumber/ci-environment/8.1.0/ci-environment-8.1.0.jar:/Users/abdullasuhail/.m2/repository/org/apiguardian/apiguardian-api/1.1.2/apiguardian-api-1.1.2.jar:/Users/abdullasuhail/.m2/repository/commons-io/commons-io/2.11.0/commons-io-2.11.0.jar:/Users/abdullasuhail/.m2/repository/tech/grasshopper/extentreports-cucumber7-adapter/1.2.0/extentreports-cucumber7-adapter-1.2.0.jar:/Users/abdullasuhail/.m2/repository/tech/grasshopper/extent-pdf-report/1.7.4/extent-pdf-report-1.7.4.jar:/Users/abdullasuhail/.m2/repository/tech/grasshopper/cucumber-pdf-report/2.2.4/cucumber-pdf-report-2.2.4.jar:/Users/abdullasuhail/.m2/repository/org/apache/pdfbox/pdfbox/2.0.22/pdfbox-2.0.22.jar:/Users/abdullasuhail/.m2/repository/org/apache/pdfbox/fontbox/2.0.22/fontbox-2.0.22.jar:/Users/abdullasuhail/.m2/repository/org/knowm/xchart/xchart/3.8.0/xchart-3.8.0.jar:/Users/abdullasuhail/.m2/repository/de/erichseifert/vectorgraphics2d/VectorGraphics2D/0.13/VectorGraphics2D-0.13.jar:/Users/abdullasuhail/.m2/repository/de/rototor/pdfbox/graphics2d/0.30/graphics2d-0.30.jar:/Users/abdullasuhail/.m2/repository/com/madgag/animated-gif-lib/1.4/animated-gif-lib-1.4.jar:/Users/abdullasuhail/.m2/repository/org/yaml/snakeyaml/1.28/snakeyaml-1.28.jar:/Users/abdullasuhail/.m2/repository/tech/grasshopper/table-layout/1.2.0/table-layout-1.2.0.jar:/Users/abdullasuhail/.m2/repository/org/jsoup/jsoup/1.13.1/jsoup-1.13.1.jar:/Users/abdullasuhail/.m2/repository/com/aventstack/klov-reporter/5.0.9/klov-reporter-5.0.9.jar:/Users/abdullasuhail/.m2/repository/org/mongodb/mongodb-driver/3.6.4/mongodb-driver-3.6.4.jar:/Users/abdullasuhail/.m2/repository/org/mongodb/mongodb-driver-core/3.6.4/mongodb-driver-core-3.6.4.jar:/Users/abdullasuhail/.m2/repository/org/mongodb/bson/3.6.4/bson-3.6.4.jar:/Users/abdullasuhail/.m2/repository/org/apache/httpcomponents/httpclient/4.5.13/httpclient-4.5.13.jar:/Users/abdullasuhail/.m2/repository/org/apache/httpcomponents/httpcore/4.4.13/httpcore-4.4.13.jar:/Users/abdullasuhail/.m2/repository/commons-logging/commons-logging/1.2/commons-logging-1.2.jar:/Users/abdullasuhail/.m2/repository/commons-codec/commons-codec/1.11/commons-codec-1.11.jar:/Users/abdullasuhail/.m2/repository/org/apache/httpcomponents/httpmime/4.5.13/httpmime-4.5.13.jar:/Users/abdullasuhail/.m2/repository/tech/grasshopper/htmlextentreporter/1.0.0/htmlextentreporter-1.0.0.jar:/Users/abdullasuhail/.m2/repository/com/aventstack/extentreports/5.0.9/extentreports-5.0.9.jar:/Users/abdullasuhail/.m2/repository/io/reactivex/rxjava3/rxjava/3.0.4/rxjava-3.0.4.jar:/Users/abdullasuhail/.m2/repository/org/reactivestreams/reactive-streams/1.0.3/reactive-streams-1.0.3.jar:/Users/abdullasuhail/.m2/repository/org/freemarker/freemarker/2.3.30/freemarker-2.3.30.jar:/Users/abdullasuhail/.m2/repository/com/google/code/gson/gson/2.8.6/gson-2.8.6.jar:/Users/abdullasuhail/.m2/repository/io/cucumber/cucumber-picocontainer/7.2.3/cucumber-picocontainer-7.2.3.jar:/Users/abdullasuhail/.m2/repository/org/picocontainer/picocontainer/2.15/picocontainer-2.15.jar:/Users/abdullasuhail/.m2/repository/io/cucumber/cucumber-testng/7.2.3/cucumber-testng-7.2.3.jar:/Users/abdullasuhail/.m2/repository/org/testng/testng/7.4.0/testng-7.4.0.jar:/Users/abdullasuhail/.m2/repository/com/beust/jcommander/1.78/jcommander-1.78.jar:/Users/abdullasuhail/.m2/repository/org/webjars/jquery/3.5.1/jquery-3.5.1.jar:/Users/abdullasuhail/.m2/repository/org/seleniumhq/selenium/selenium-java/4.9.1/selenium-java-4.9.1.jar:/Users/abdullasuhail/.m2/repository/org/seleniumhq/selenium/selenium-api/4.9.1/selenium-api-4.9.1.jar:/Users/abdullasuhail/.m2/repository/org/seleniumhq/selenium/selenium-chrome-driver/4.9.1/selenium-chrome-driver-4.9.1.jar:/Users/abdullasuhail/.m2/repository/com/google/auto/service/auto-service-annotations/1.0.1/auto-service-annotations-1.0.1.jar:/Users/abdullasuhail/.m2/repository/com/google/auto/service/auto-service/1.0.1/auto-service-1.0.1.jar:/Users/abdullasuhail/.m2/repository/com/google/auto/auto-common/1.2/auto-common-1.2.jar:/Users/abdullasuhail/.m2/repository/com/google/guava/guava/31.1-jre/guava-31.1-jre.jar:/Users/abdullasuhail/.m2/repository/com/google/guava/failureaccess/1.0.1/failureaccess-1.0.1.jar:/Users/abdullasuhail/.m2/repository/com/google/guava/listenablefuture/9999.0-empty-to-avoid-conflict-with-guava/listenablefuture-9999.0-empty-to-avoid-conflict-with-guava.jar:/Users/abdullasuhail/.m2/repository/com/google/code/findbugs/jsr305/3.0.2/jsr305-3.0.2.jar:/Users/abdullasuhail/.m2/repository/org/checkerframework/checker-qual/3.12.0/checker-qual-3.12.0.jar:/Users/abdullasuhail/.m2/repository/com/google/errorprone/error_prone_annotations/2.11.0/error_prone_annotations-2.11.0.jar:/Users/abdullasuhail/.m2/repository/com/google/j2objc/j2objc-annotations/1.3/j2objc-annotations-1.3.jar:/Users/abdullasuhail/.m2/repository/org/seleniumhq/selenium/selenium-chromium-driver/4.9.1/selenium-chromium-driver-4.9.1.jar:/Users/abdullasuhail/.m2/repository/org/seleniumhq/selenium/selenium-json/4.9.1/selenium-json-4.9.1.jar:/Users/abdullasuhail/.m2/repository/org/seleniumhq/selenium/selenium-manager/4.9.1/selenium-manager-4.9.1.jar:/Users/abdullasuhail/.m2/repository/org/seleniumhq/selenium/selenium-devtools-v111/4.9.1/selenium-devtools-v111-4.9.1.jar:/Users/abdullasuhail/.m2/repository/org/seleniumhq/selenium/selenium-devtools-v112/4.9.1/selenium-devtools-v112-4.9.1.jar:/Users/abdullasuhail/.m2/repository/org/seleniumhq/selenium/selenium-devtools-v113/4.9.1/selenium-devtools-v113-4.9.1.jar:/Users/abdullasuhail/.m2/repository/org/seleniumhq/selenium/selenium-devtools-v85/4.9.1/selenium-devtools-v85-4.9.1.jar:/Users/abdullasuhail/.m2/repository/org/seleniumhq/selenium/selenium-edge-driver/4.9.1/selenium-edge-driver-4.9.1.jar:/Users/abdullasuhail/.m2/repository/org/seleniumhq/selenium/selenium-firefox-driver/4.9.1/selenium-firefox-driver-4.9.1.jar:/Users/abdullasuhail/.m2/repository/org/seleniumhq/selenium/selenium-http/4.9.1/selenium-http-4.9.1.jar:/Users/abdullasuhail/.m2/repository/dev/failsafe/failsafe/3.3.1/failsafe-3.3.1.jar:/Users/abdullasuhail/.m2/repository/org/seleniumhq/selenium/selenium-ie-driver/4.9.1/selenium-ie-driver-4.9.1.jar:/Users/abdullasuhail/.m2/repository/org/seleniumhq/selenium/selenium-remote-driver/4.9.1/selenium-remote-driver-4.9.1.jar:/Users/abdullasuhail/.m2/repository/io/netty/netty-buffer/4.1.91.Final/netty-buffer-4.1.91.Final.jar:/Users/abdullasuhail/.m2/repository/io/netty/netty-codec-http/4.1.91.Final/netty-codec-http-4.1.91.Final.jar:/Users/abdullasuhail/.m2/repository/io/netty/netty-codec/4.1.91.Final/netty-codec-4.1.91.Final.jar:/Users/abdullasuhail/.m2/repository/io/netty/netty-handler/4.1.91.Final/netty-handler-4.1.91.Final.jar:/Users/abdullasuhail/.m2/repository/io/netty/netty-common/4.1.91.Final/netty-common-4.1.91.Final.jar:/Users/abdullasuhail/.m2/repository/io/netty/netty-transport-classes-epoll/4.1.91.Final/netty-transport-classes-epoll-4.1.91.Final.jar:/Users/abdullasuhail/.m2/repository/io/netty/netty-transport-classes-kqueue/4.1.91.Final/netty-transport-classes-kqueue-4.1.91.Final.jar:/Users/abdullasuhail/.m2/repository/io/netty/netty-transport-native-epoll/4.1.91.Final/netty-transport-native-epoll-4.1.91.Final.jar:/Users/abdullasuhail/.m2/repository/io/netty/netty-transport-native-kqueue/4.1.91.Final/netty-transport-native-kqueue-4.1.91.Final.jar:/Users/abdullasuhail/.m2/repository/io/netty/netty-transport-native-unix-common/4.1.91.Final/netty-transport-native-unix-common-4.1.91.Final.jar:/Users/abdullasuhail/.m2/repository/io/netty/netty-transport/4.1.91.Final/netty-transport-4.1.91.Final.jar:/Users/abdullasuhail/.m2/repository/io/netty/netty-resolver/4.1.91.Final/netty-resolver-4.1.91.Final.jar:/Users/abdullasuhail/.m2/repository/io/opentelemetry/opentelemetry-api/1.25.0/opentelemetry-api-1.25.0.jar:/Users/abdullasuhail/.m2/repository/io/opentelemetry/opentelemetry-context/1.25.0/opentelemetry-context-1.25.0.jar:/Users/abdullasuhail/.m2/repository/io/opentelemetry/opentelemetry-exporter-logging/1.25.0/opentelemetry-exporter-logging-1.25.0.jar:/Users/abdullasuhail/.m2/repository/io/opentelemetry/opentelemetry-sdk-metrics/1.25.0/opentelemetry-sdk-metrics-1.25.0.jar:/Users/abdullasuhail/.m2/repository/io/opentelemetry/opentelemetry-sdk-logs/1.25.0-alpha/opentelemetry-sdk-logs-1.25.0-alpha.jar:/Users/abdullasuhail/.m2/repository/io/opentelemetry/opentelemetry-api-logs/1.25.0-alpha/opentelemetry-api-logs-1.25.0-alpha.jar:/Users/abdullasuhail/.m2/repository/io/opentelemetry/opentelemetry-api-events/1.25.0-alpha/opentelemetry-api-events-1.25.0-alpha.jar:/Users/abdullasuhail/.m2/repository/io/opentelemetry/opentelemetry-sdk-common/1.25.0/opentelemetry-sdk-common-1.25.0.jar:/Users/abdullasuhail/.m2/repository/io/opentelemetry/opentelemetry-sdk-extension-autoconfigure-spi/1.25.0/opentelemetry-sdk-extension-autoconfigure-spi-1.25.0.jar:/Users/abdullasuhail/.m2/repository/io/opentelemetry/opentelemetry-sdk-extension-autoconfigure/1.25.0-alpha/opentelemetry-sdk-extension-autoconfigure-1.25.0-alpha.jar:/Users/abdullasuhail/.m2/repository/io/opentelemetry/opentelemetry-sdk-trace/1.25.0/opentelemetry-sdk-trace-1.25.0.jar:/Users/abdullasuhail/.m2/repository/io/opentelemetry/opentelemetry-sdk/1.25.0/opentelemetry-sdk-1.25.0.jar:/Users/abdullasuhail/.m2/repository/io/opentelemetry/opentelemetry-semconv/1.25.0-alpha/opentelemetry-semconv-1.25.0-alpha.jar:/Users/abdullasuhail/.m2/repository/io/ous/jtoml/2.0.0/jtoml-2.0.0.jar:/Users/abdullasuhail/.m2/repository/net/bytebuddy/byte-buddy/1.14.4/byte-buddy-1.14.4.jar:/Users/abdullasuhail/.m2/repository/org/apache/commons/commons-exec/1.3/commons-exec-1.3.jar:/Users/abdullasuhail/.m2/repository/org/asynchttpclient/async-http-client/2.12.3/async-http-client-2.12.3.jar:/Users/abdullasuhail/.m2/repository/org/asynchttpclient/async-http-client-netty-utils/2.12.3/async-http-client-netty-utils-2.12.3.jar:/Users/abdullasuhail/.m2/repository/io/netty/netty-codec-socks/4.1.60.Final/netty-codec-socks-4.1.60.Final.jar:/Users/abdullasuhail/.m2/repository/io/netty/netty-handler-proxy/4.1.60.Final/netty-handler-proxy-4.1.60.Final.jar:/Users/abdullasuhail/.m2/repository/io/netty/netty-transport-native-epoll/4.1.60.Final/netty-transport-native-epoll-4.1.60.Final-linux-x86_64.jar:/Users/abdullasuhail/.m2/repository/io/netty/netty-transport-native-kqueue/4.1.60.Final/netty-transport-native-kqueue-4.1.60.Final-osx-x86_64.jar:/Users/abdullasuhail/.m2/repository/com/typesafe/netty/netty-reactive-streams/2.0.4/netty-reactive-streams-2.0.4.jar:/Users/abdullasuhail/.m2/repository/com/sun/activation/jakarta.activation/1.2.2/jakarta.activation-1.2.2.jar:/Users/abdullasuhail/.m2/repository/org/seleniumhq/selenium/selenium-safari-driver/4.9.1/selenium-safari-driver-4.9.1.jar:/Users/abdullasuhail/.m2/repository/org/seleniumhq/selenium/selenium-support/4.9.1/selenium-support-4.9.1.jar:/Users/abdullasuhail/.m2/repository/org/projectlombok/lombok/1.18.22/lombok-1.18.22.jar:/Users/abdullasuhail/.m2/repository/io/github/bonigarcia/webdrivermanager/5.3.3/webdrivermanager-5.3.3.jar:/Users/abdullasuhail/.m2/repository/org/slf4j/slf4j-api/2.0.7/slf4j-api-2.0.7.jar:/Users/abdullasuhail/.m2/repository/com/github/docker-java/docker-java/3.3.0/docker-java-3.3.0.jar:/Users/abdullasuhail/.m2/repository/com/github/docker-java/docker-java-core/3.3.0/docker-java-core-3.3.0.jar:/Users/abdullasuhail/.m2/repository/com/github/docker-java/docker-java-api/3.3.0/docker-java-api-3.3.0.jar:/Users/abdullasuhail/.m2/repository/com/fasterxml/jackson/core/jackson-annotations/2.10.3/jackson-annotations-2.10.3.jar:/Users/abdullasuhail/.m2/repository/org/apache/commons/commons-compress/1.21/commons-compress-1.21.jar:/Users/abdullasuhail/.m2/repository/com/fasterxml/jackson/core/jackson-databind/2.10.3/jackson-databind-2.10.3.jar:/Users/abdullasuhail/.m2/repository/com/fasterxml/jackson/core/jackson-core/2.10.3/jackson-core-2.10.3.jar:/Users/abdullasuhail/.m2/repository/org/bouncycastle/bcpkix-jdk15on/1.64/bcpkix-jdk15on-1.64.jar:/Users/abdullasuhail/.m2/repository/org/bouncycastle/bcprov-jdk15on/1.64/bcprov-jdk15on-1.64.jar:/Users/abdullasuhail/.m2/repository/org/slf4j/jcl-over-slf4j/1.7.30/jcl-over-slf4j-1.7.30.jar:/Users/abdullasuhail/.m2/repository/com/github/docker-java/docker-java-transport-httpclient5/3.3.0/docker-java-transport-httpclient5-3.3.0.jar:/Users/abdullasuhail/.m2/repository/com/github/docker-java/docker-java-transport/3.3.0/docker-java-transport-3.3.0.jar:/Users/abdullasuhail/.m2/repository/net/java/dev/jna/jna/5.12.1/jna-5.12.1.jar:/Users/abdullasuhail/.m2/repository/org/brotli/dec/0.1.2/dec-0.1.2.jar:/Users/abdullasuhail/.m2/repository/org/apache/commons/commons-lang3/3.12.0/commons-lang3-3.12.0.jar:/Users/abdullasuhail/.m2/repository/org/apache/httpcomponents/client5/httpclient5/5.2.1/httpclient5-5.2.1.jar:/Users/abdullasuhail/.m2/repository/org/apache/httpcomponents/core5/httpcore5/5.2/httpcore5-5.2.jar:/Users/abdullasuhail/.m2/repository/org/apache/httpcomponents/core5/httpcore5-h2/5.2/httpcore5-h2-5.2.jar:"/>
    <property name="java.vm.vendor" value="Oracle Corporation"/>
    <property name="sun.arch.data.model" value="64"/>
    <property name="java.vendor.url" value="https://java.oracle.com/"/>
    <property name="user.timezone" value="Asia/Kolkata"/>
    <property name="os.name" value="Mac OS X"/>
    <property name="java.vm.specification.version" value="19"/>
    <property name="sun.java.launcher" value="SUN_STANDARD"/>
    <property name="user.country" value="IN"/>
    <property name="sun.boot.library.path" value="/Library/Java/JavaVirtualMachines/jdk-19.jdk/Contents/Home/lib"/>
    <property name="sun.java.command" value="/Users/abdullasuhail/Downloads/CucumberFramework/target/surefire/surefirebooter6780073972137132606.jar /Users/abdullasuhail/Downloads/CucumberFramework/target/surefire 2023-06-03T17-08-17_894-jvmRun1 surefire7293230826794173860tmp surefire_09028472305010281087tmp"/>
    <property name="http.nonProxyHosts" value="local|*.local|169.254/16|*.169.254/16"/>
    <property name="jdk.debug" value="release"/>
    <property name="surefire.test.class.path" value="/Users/abdullasuhail/Downloads/CucumberFramework/target/test-classes:/Users/abdullasuhail/Downloads/CucumberFramework/target/classes:/Users/abdullasuhail/.m2/repository/io/cucumber/cucumber-java/7.2.3/cucumber-java-7.2.3.jar:/Users/abdullasuhail/.m2/repository/io/cucumber/cucumber-core/7.2.3/cucumber-core-7.2.3.jar:/Users/abdullasuhail/.m2/repository/io/cucumber/cucumber-gherkin/7.2.3/cucumber-gherkin-7.2.3.jar:/Users/abdullasuhail/.m2/repository/io/cucumber/cucumber-gherkin-messages/7.2.3/cucumber-gherkin-messages-7.2.3.jar:/Users/abdullasuhail/.m2/repository/io/cucumber/messages/17.1.1/messages-17.1.1.jar:/Users/abdullasuhail/.m2/repository/io/cucumber/tag-expressions/4.1.0/tag-expressions-4.1.0.jar:/Users/abdullasuhail/.m2/repository/io/cucumber/cucumber-expressions/15.0.1/cucumber-expressions-15.0.1.jar:/Users/abdullasuhail/.m2/repository/io/cucumber/datatable/7.2.3/datatable-7.2.3.jar:/Users/abdullasuhail/.m2/repository/io/cucumber/cucumber-plugin/7.2.3/cucumber-plugin-7.2.3.jar:/Users/abdullasuhail/.m2/repository/io/cucumber/docstring/7.2.3/docstring-7.2.3.jar:/Users/abdullasuhail/.m2/repository/io/cucumber/html-formatter/17.0.0/html-formatter-17.0.0.jar:/Users/abdullasuhail/.m2/repository/io/cucumber/ci-environment/8.1.0/ci-environment-8.1.0.jar:/Users/abdullasuhail/.m2/repository/org/apiguardian/apiguardian-api/1.1.2/apiguardian-api-1.1.2.jar:/Users/abdullasuhail/.m2/repository/commons-io/commons-io/2.11.0/commons-io-2.11.0.jar:/Users/abdullasuhail/.m2/repository/tech/grasshopper/extentreports-cucumber7-adapter/1.2.0/extentreports-cucumber7-adapter-1.2.0.jar:/Users/abdullasuhail/.m2/repository/tech/grasshopper/extent-pdf-report/1.7.4/extent-pdf-report-1.7.4.jar:/Users/abdullasuhail/.m2/repository/tech/grasshopper/cucumber-pdf-report/2.2.4/cucumber-pdf-report-2.2.4.jar:/Users/abdullasuhail/.m2/repository/org/apache/pdfbox/pdfbox/2.0.22/pdfbox-2.0.22.jar:/Users/abdullasuhail/.m2/repository/org/apache/pdfbox/fontbox/2.0.22/fontbox-2.0.22.jar:/Users/abdullasuhail/.m2/repository/org/knowm/xchart/xchart/3.8.0/xchart-3.8.0.jar:/Users/abdullasuhail/.m2/repository/de/erichseifert/vectorgraphics2d/VectorGraphics2D/0.13/VectorGraphics2D-0.13.jar:/Users/abdullasuhail/.m2/repository/de/rototor/pdfbox/graphics2d/0.30/graphics2d-0.30.jar:/Users/abdullasuhail/.m2/repository/com/madgag/animated-gif-lib/1.4/animated-gif-lib-1.4.jar:/Users/abdullasuhail/.m2/repository/org/yaml/snakeyaml/1.28/snakeyaml-1.28.jar:/Users/abdullasuhail/.m2/repository/tech/grasshopper/table-layout/1.2.0/table-layout-1.2.0.jar:/Users/abdullasuhail/.m2/repository/org/jsoup/jsoup/1.13.1/jsoup-1.13.1.jar:/Users/abdullasuhail/.m2/repository/com/aventstack/klov-reporter/5.0.9/klov-reporter-5.0.9.jar:/Users/abdullasuhail/.m2/repository/org/mongodb/mongodb-driver/3.6.4/mongodb-driver-3.6.4.jar:/Users/abdullasuhail/.m2/repository/org/mongodb/mongodb-driver-core/3.6.4/mongodb-driver-core-3.6.4.jar:/Users/abdullasuhail/.m2/repository/org/mongodb/bson/3.6.4/bson-3.6.4.jar:/Users/abdullasuhail/.m2/repository/org/apache/httpcomponents/httpclient/4.5.13/httpclient-4.5.13.jar:/Users/abdullasuhail/.m2/repository/org/apache/httpcomponents/httpcore/4.4.13/httpcore-4.4.13.jar:/Users/abdullasuhail/.m2/repository/commons-logging/commons-logging/1.2/commons-logging-1.2.jar:/Users/abdullasuhail/.m2/repository/commons-codec/commons-codec/1.11/commons-codec-1.11.jar:/Users/abdullasuhail/.m2/repository/org/apache/httpcomponents/httpmime/4.5.13/httpmime-4.5.13.jar:/Users/abdullasuhail/.m2/repository/tech/grasshopper/htmlextentreporter/1.0.0/htmlextentreporter-1.0.0.jar:/Users/abdullasuhail/.m2/repository/com/aventstack/extentreports/5.0.9/extentreports-5.0.9.jar:/Users/abdullasuhail/.m2/repository/io/reactivex/rxjava3/rxjava/3.0.4/rxjava-3.0.4.jar:/Users/abdullasuhail/.m2/repository/org/reactivestreams/reactive-streams/1.0.3/reactive-streams-1.0.3.jar:/Users/abdullasuhail/.m2/repository/org/freemarker/freemarker/2.3.30/freemarker-2.3.30.jar:/Users/abdullasuhail/.m2/repository/com/google/code/gson/gson/2.8.6/gson-2.8.6.jar:/Users/abdullasuhail/.m2/repository/io/cucumber/cucumber-picocontainer/7.2.3/cucumber-picocontainer-7.2.3.jar:/Users/abdullasuhail/.m2/repository/org/picocontainer/picocontainer/2.15/picocontainer-2.15.jar:/Users/abdullasuhail/.m2/repository/io/cucumber/cucumber-testng/7.2.3/cucumber-testng-7.2.3.jar:/Users/abdullasuhail/.m2/repository/org/testng/testng/7.4.0/testng-7.4.0.jar:/Users/abdullasuhail/.m2/repository/com/beust/jcommander/1.78/jcommander-1.78.jar:/Users/abdullasuhail/.m2/repository/org/webjars/jquery/3.5.1/jquery-3.5.1.jar:/Users/abdullasuhail/.m2/repository/org/seleniumhq/selenium/selenium-java/4.9.1/selenium-java-4.9.1.jar:/Users/abdullasuhail/.m2/repository/org/seleniumhq/selenium/selenium-api/4.9.1/selenium-api-4.9.1.jar:/Users/abdullasuhail/.m2/repository/org/seleniumhq/selenium/selenium-chrome-driver/4.9.1/selenium-chrome-driver-4.9.1.jar:/Users/abdullasuhail/.m2/repository/com/google/auto/service/auto-service-annotations/1.0.1/auto-service-annotations-1.0.1.jar:/Users/abdullasuhail/.m2/repository/com/google/auto/service/auto-service/1.0.1/auto-service-1.0.1.jar:/Users/abdullasuhail/.m2/repository/com/google/auto/auto-common/1.2/auto-common-1.2.jar:/Users/abdullasuhail/.m2/repository/com/google/guava/guava/31.1-jre/guava-31.1-jre.jar:/Users/abdullasuhail/.m2/repository/com/google/guava/failureaccess/1.0.1/failureaccess-1.0.1.jar:/Users/abdullasuhail/.m2/repository/com/google/guava/listenablefuture/9999.0-empty-to-avoid-conflict-with-guava/listenablefuture-9999.0-empty-to-avoid-conflict-with-guava.jar:/Users/abdullasuhail/.m2/repository/com/google/code/findbugs/jsr305/3.0.2/jsr305-3.0.2.jar:/Users/abdullasuhail/.m2/repository/org/checkerframework/checker-qual/3.12.0/checker-qual-3.12.0.jar:/Users/abdullasuhail/.m2/repository/com/google/errorprone/error_prone_annotations/2.11.0/error_prone_annotations-2.11.0.jar:/Users/abdullasuhail/.m2/repository/com/google/j2objc/j2objc-annotations/1.3/j2objc-annotations-1.3.jar:/Users/abdullasuhail/.m2/repository/org/seleniumhq/selenium/selenium-chromium-driver/4.9.1/selenium-chromium-driver-4.9.1.jar:/Users/abdullasuhail/.m2/repository/org/seleniumhq/selenium/selenium-json/4.9.1/selenium-json-4.9.1.jar:/Users/abdullasuhail/.m2/repository/org/seleniumhq/selenium/selenium-manager/4.9.1/selenium-manager-4.9.1.jar:/Users/abdullasuhail/.m2/repository/org/seleniumhq/selenium/selenium-devtools-v111/4.9.1/selenium-devtools-v111-4.9.1.jar:/Users/abdullasuhail/.m2/repository/org/seleniumhq/selenium/selenium-devtools-v112/4.9.1/selenium-devtools-v112-4.9.1.jar:/Users/abdullasuhail/.m2/repository/org/seleniumhq/selenium/selenium-devtools-v113/4.9.1/selenium-devtools-v113-4.9.1.jar:/Users/abdullasuhail/.m2/repository/org/seleniumhq/selenium/selenium-devtools-v85/4.9.1/selenium-devtools-v85-4.9.1.jar:/Users/abdullasuhail/.m2/repository/org/seleniumhq/selenium/selenium-edge-driver/4.9.1/selenium-edge-driver-4.9.1.jar:/Users/abdullasuhail/.m2/repository/org/seleniumhq/selenium/selenium-firefox-driver/4.9.1/selenium-firefox-driver-4.9.1.jar:/Users/abdullasuhail/.m2/repository/org/seleniumhq/selenium/selenium-http/4.9.1/selenium-http-4.9.1.jar:/Users/abdullasuhail/.m2/repository/dev/failsafe/failsafe/3.3.1/failsafe-3.3.1.jar:/Users/abdullasuhail/.m2/repository/org/seleniumhq/selenium/selenium-ie-driver/4.9.1/selenium-ie-driver-4.9.1.jar:/Users/abdullasuhail/.m2/repository/org/seleniumhq/selenium/selenium-remote-driver/4.9.1/selenium-remote-driver-4.9.1.jar:/Users/abdullasuhail/.m2/repository/io/netty/netty-buffer/4.1.91.Final/netty-buffer-4.1.91.Final.jar:/Users/abdullasuhail/.m2/repository/io/netty/netty-codec-http/4.1.91.Final/netty-codec-http-4.1.91.Final.jar:/Users/abdullasuhail/.m2/repository/io/netty/netty-codec/4.1.91.Final/netty-codec-4.1.91.Final.jar:/Users/abdullasuhail/.m2/repository/io/netty/netty-handler/4.1.91.Final/netty-handler-4.1.91.Final.jar:/Users/abdullasuhail/.m2/repository/io/netty/netty-common/4.1.91.Final/netty-common-4.1.91.Final.jar:/Users/abdullasuhail/.m2/repository/io/netty/netty-transport-classes-epoll/4.1.91.Final/netty-transport-classes-epoll-4.1.91.Final.jar:/Users/abdullasuhail/.m2/repository/io/netty/netty-transport-classes-kqueue/4.1.91.Final/netty-transport-classes-kqueue-4.1.91.Final.jar:/Users/abdullasuhail/.m2/repository/io/netty/netty-transport-native-epoll/4.1.91.Final/netty-transport-native-epoll-4.1.91.Final.jar:/Users/abdullasuhail/.m2/repository/io/netty/netty-transport-native-kqueue/4.1.91.Final/netty-transport-native-kqueue-4.1.91.Final.jar:/Users/abdullasuhail/.m2/repository/io/netty/netty-transport-native-unix-common/4.1.91.Final/netty-transport-native-unix-common-4.1.91.Final.jar:/Users/abdullasuhail/.m2/repository/io/netty/netty-transport/4.1.91.Final/netty-transport-4.1.91.Final.jar:/Users/abdullasuhail/.m2/repository/io/netty/netty-resolver/4.1.91.Final/netty-resolver-4.1.91.Final.jar:/Users/abdullasuhail/.m2/repository/io/opentelemetry/opentelemetry-api/1.25.0/opentelemetry-api-1.25.0.jar:/Users/abdullasuhail/.m2/repository/io/opentelemetry/opentelemetry-context/1.25.0/opentelemetry-context-1.25.0.jar:/Users/abdullasuhail/.m2/repository/io/opentelemetry/opentelemetry-exporter-logging/1.25.0/opentelemetry-exporter-logging-1.25.0.jar:/Users/abdullasuhail/.m2/repository/io/opentelemetry/opentelemetry-sdk-metrics/1.25.0/opentelemetry-sdk-metrics-1.25.0.jar:/Users/abdullasuhail/.m2/repository/io/opentelemetry/opentelemetry-sdk-logs/1.25.0-alpha/opentelemetry-sdk-logs-1.25.0-alpha.jar:/Users/abdullasuhail/.m2/repository/io/opentelemetry/opentelemetry-api-logs/1.25.0-alpha/opentelemetry-api-logs-1.25.0-alpha.jar:/Users/abdullasuhail/.m2/repository/io/opentelemetry/opentelemetry-api-events/1.25.0-alpha/opentelemetry-api-events-1.25.0-alpha.jar:/Users/abdullasuhail/.m2/repository/io/opentelemetry/opentelemetry-sdk-common/1.25.0/opentelemetry-sdk-common-1.25.0.jar:/Users/abdullasuhail/.m2/repository/io/opentelemetry/opentelemetry-sdk-extension-autoconfigure-spi/1.25.0/opentelemetry-sdk-extension-autoconfigure-spi-1.25.0.jar:/Users/abdullasuhail/.m2/repository/io/opentelemetry/opentelemetry-sdk-extension-autoconfigure/1.25.0-alpha/opentelemetry-sdk-extension-autoconfigure-1.25.0-alpha.jar:/Users/abdullasuhail/.m2/repository/io/opentelemetry/opentelemetry-sdk-trace/1.25.0/opentelemetry-sdk-trace-1.25.0.jar:/Users/abdullasuhail/.m2/repository/io/opentelemetry/opentelemetry-sdk/1.25.0/opentelemetry-sdk-1.25.0.jar:/Users/abdullasuhail/.m2/repository/io/opentelemetry/opentelemetry-semconv/1.25.0-alpha/opentelemetry-semconv-1.25.0-alpha.jar:/Users/abdullasuhail/.m2/repository/io/ous/jtoml/2.0.0/jtoml-2.0.0.jar:/Users/abdullasuhail/.m2/repository/net/bytebuddy/byte-buddy/1.14.4/byte-buddy-1.14.4.jar:/Users/abdullasuhail/.m2/repository/org/apache/commons/commons-exec/1.3/commons-exec-1.3.jar:/Users/abdullasuhail/.m2/repository/org/asynchttpclient/async-http-client/2.12.3/async-http-client-2.12.3.jar:/Users/abdullasuhail/.m2/repository/org/asynchttpclient/async-http-client-netty-utils/2.12.3/async-http-client-netty-utils-2.12.3.jar:/Users/abdullasuhail/.m2/repository/io/netty/netty-codec-socks/4.1.60.Final/netty-codec-socks-4.1.60.Final.jar:/Users/abdullasuhail/.m2/repository/io/netty/netty-handler-proxy/4.1.60.Final/netty-handler-proxy-4.1.60.Final.jar:/Users/abdullasuhail/.m2/repository/io/netty/netty-transport-native-epoll/4.1.60.Final/netty-transport-native-epoll-4.1.60.Final-linux-x86_64.jar:/Users/abdullasuhail/.m2/repository/io/netty/netty-transport-native-kqueue/4.1.60.Final/netty-transport-native-kqueue-4.1.60.Final-osx-x86_64.jar:/Users/abdullasuhail/.m2/repository/com/typesafe/netty/netty-reactive-streams/2.0.4/netty-reactive-streams-2.0.4.jar:/Users/abdullasuhail/.m2/repository/com/sun/activation/jakarta.activation/1.2.2/jakarta.activation-1.2.2.jar:/Users/abdullasuhail/.m2/repository/org/seleniumhq/selenium/selenium-safari-driver/4.9.1/selenium-safari-driver-4.9.1.jar:/Users/abdullasuhail/.m2/repository/org/seleniumhq/selenium/selenium-support/4.9.1/selenium-support-4.9.1.jar:/Users/abdullasuhail/.m2/repository/org/projectlombok/lombok/1.18.22/lombok-1.18.22.jar:/Users/abdullasuhail/.m2/repository/io/github/bonigarcia/webdrivermanager/5.3.3/webdrivermanager-5.3.3.jar:/Users/abdullasuhail/.m2/repository/org/slf4j/slf4j-api/2.0.7/slf4j-api-2.0.7.jar:/Users/abdullasuhail/.m2/repository/com/github/docker-java/docker-java/3.3.0/docker-java-3.3.0.jar:/Users/abdullasuhail/.m2/repository/com/github/docker-java/docker-java-core/3.3.0/docker-java-core-3.3.0.jar:/Users/abdullasuhail/.m2/repository/com/github/docker-java/docker-java-api/3.3.0/docker-java-api-3.3.0.jar:/Users/abdullasuhail/.m2/repository/com/fasterxml/jackson/core/jackson-annotations/2.10.3/jackson-annotations-2.10.3.jar:/Users/abdullasuhail/.m2/repository/org/apache/commons/commons-compress/1.21/commons-compress-1.21.jar:/Users/abdullasuhail/.m2/repository/com/fasterxml/jackson/core/jackson-databind/2.10.3/jackson-databind-2.10.3.jar:/Users/abdullasuhail/.m2/repository/com/fasterxml/jackson/core/jackson-core/2.10.3/jackson-core-2.10.3.jar:/Users/abdullasuhail/.m2/repository/org/bouncycastle/bcpkix-jdk15on/1.64/bcpkix-jdk15on-1.64.jar:/Users/abdullasuhail/.m2/repository/org/bouncycastle/bcprov-jdk15on/1.64/bcprov-jdk15on-1.64.jar:/Users/abdullasuhail/.m2/repository/org/slf4j/jcl-over-slf4j/1.7.30/jcl-over-slf4j-1.7.30.jar:/Users/abdullasuhail/.m2/repository/com/github/docker-java/docker-java-transport-httpclient5/3.3.0/docker-java-transport-httpclient5-3.3.0.jar:/Users/abdullasuhail/.m2/repository/com/github/docker-java/docker-java-transport/3.3.0/docker-java-transport-3.3.0.jar:/Users/abdullasuhail/.m2/repository/net/java/dev/jna/jna/5.12.1/jna-5.12.1.jar:/Users/abdullasuhail/.m2/repository/org/brotli/dec/0.1.2/dec-0.1.2.jar:/Users/abdullasuhail/.m2/repository/org/apache/commons/commons-lang3/3.12.0/commons-lang3-3.12.0.jar:/Users/abdullasuhail/.m2/repository/org/apache/httpcomponents/client5/httpclient5/5.2.1/httpclient5-5.2.1.jar:/Users/abdullasuhail/.m2/repository/org/apache/httpcomponents/core5/httpcore5/5.2/httpcore5-5.2.jar:/Users/abdullasuhail/.m2/repository/org/apache/httpcomponents/core5/httpcore5-h2/5.2/httpcore5-h2-5.2.jar:"/>
    <property name="sun.cpu.endian" value="little"/>
    <property name="user.home" value="/Users/abdullasuhail"/>
    <property name="user.language" value="en"/>
    <property name="java.specification.vendor" value="Oracle Corporation"/>
    <property name="java.version.date" value="2022-10-18"/>
    <property name="java.home" value="/Library/Java/JavaVirtualMachines/jdk-19.jdk/Contents/Home"/>
    <property name="file.separator" value="/"/>
    <property name="basedir" value="/Users/abdullasuhail/Downloads/CucumberFramework"/>
    <property name="java.vm.compressedOopsMode" value="Zero based"/>
    <property name="line.separator" value="&#10;"/>
    <property name="java.vm.specification.vendor" value="Oracle Corporation"/>
    <property name="java.specification.name" value="Java Platform API Specification"/>
    <property name="apple.awt.application.name" value="ForkedBooter"/>
    <property name="surefire.real.class.path" value="/Users/abdullasuhail/Downloads/CucumberFramework/target/surefire/surefirebooter6780073972137132606.jar"/>
    <property name="sun.management.compiler" value="HotSpot 64-Bit Tiered Compilers"/>
    <property name="ftp.nonProxyHosts" value="local|*.local|169.254/16|*.169.254/16"/>
    <property name="java.runtime.version" value="19.0.1+10-21"/>
    <property name="user.name" value="abdullasuhail"/>
    <property name="stdout.encoding" value="UTF-8"/>
    <property name="path.separator" value=":"/>
    <property name="otel.metrics.exporter" value="none"/>
    <property name="os.version" value="13.4"/>
    <property name="java.runtime.name" value="Java(TM) SE Runtime Environment"/>
    <property name="otel.traces.exporter" value="none"/>
    <property name="file.encoding" value="UTF-8"/>
    <property name="browser" value="chrome"/>
    <property name="java.vm.name" value="Java HotSpot(TM) 64-Bit Server VM"/>
    <property name="localRepository" value="/Users/abdullasuhail/.m2/repository"/>
    <property name="java.vendor.url.bug" value="https://bugreport.java.com/bugreport/"/>
    <property name="java.io.tmpdir" value="/var/folders/qt/bc_h7wcj2ks08pf1n92k65zr0000gn/T/"/>
    <property name="java.version" value="19.0.1"/>
    <property name="user.dir" value="/Users/abdullasuhail/Downloads/CucumberFramework"/>
    <property name="os.arch" value="aarch64"/>
    <property name="java.vm.specification.name" value="Java Virtual Machine Specification"/>
    <property name="native.encoding" value="UTF-8"/>
    <property name="java.library.path" value="/Users/abdullasuhail/Library/Java/Extensions:/Library/Java/Extensions:/Network/Library/Java/Extensions:/System/Library/Java/Extensions:/usr/lib/java:."/>
    <property name="java.vm.info" value="mixed mode, sharing"/>
    <property name="stderr.encoding" value="UTF-8"/>
    <property name="java.vendor" value="Oracle Corporation"/>
    <property name="java.vm.version" value="19.0.1+10-21"/>
    <property name="sun.io.unicode.encoding" value="UnicodeBig"/>
    <property name="socksNonProxyHosts" value="local|*.local|169.254/16|*.169.254/16"/>
    <property name="java.class.version" value="63.0"/>
  </properties>
  <testcase name="runScenario[&quot;Search Experience for product search in both home and Offers page&quot;, &quot;Optional[Search and Place the order for Products]&quot;](1)" classname="cucumberOptions.TestNGTestRunner" time="13.734">
    <system-out><![CDATA[null is extracted from Home page
null is extracted from Home page
null is extracted from Home page
]]></system-out>
    <system-err><![CDATA[SLF4J: No SLF4J providers were found.
SLF4J: Defaulting to no-operation (NOP) logger implementation
SLF4J: See https://www.slf4j.org/codes.html#noProviders for further details.
Jun 03, 2023 5:08:18 PM org.openqa.selenium.remote.tracing.opentelemetry.OpenTelemetryTracer createTracer
INFO: Using OpenTelemetry for tracing
]]></system-err>
  </testcase>
  <testcase name="runScenario[&quot;Search Experience for product search in both home and Offers page&quot;, &quot;Optional[Place the order for Products]&quot;](2)" classname="cucumberOptions.TestNGTestRunner" time="14.392"/>
  <testcase name="runScenario[&quot;Search Experience for product search in both home and Offers page&quot;, &quot;Optional[Search and Place the order for Products]&quot;](3)" classname="cucumberOptions.TestNGTestRunner" time="14.665">
    <failure message="expected [Beetroot] but found [No data]" type="java.lang.AssertionError"><![CDATA[java.lang.AssertionError: expected [Beetroot] but found [No data]
]]></failure>
  </testcase>
</testsuite>